{"D:\\React\\React Programs\\react-ui-challenge-proj\\src\\App.js": {"path":"D:\\React\\React Programs\\react-ui-challenge-proj\\src\\App.js","statementMap":{"0":{"start":{"line":7,"column":2},"end":{"line":20,"column":4}}},"fnMap":{"0":{"name":"App","decl":{"start":{"line":6,"column":9},"end":{"line":6,"column":12}},"loc":{"start":{"line":6,"column":15},"end":{"line":21,"column":1}},"line":6}},"branchMap":{},"s":{"0":3},"f":{"0":3},"b":{},"_coverageSchema":"1a1c01bbd47fc00a2c39e90264f33305004495a9","hash":"fe3db6eb6697ef20d1e573b8658b967e9461687b"}
,"D:\\React\\React Programs\\react-ui-challenge-proj\\src\\components\\footer\\Footer.js": {"path":"D:\\React\\React Programs\\react-ui-challenge-proj\\src\\components\\footer\\Footer.js","statementMap":{"0":{"start":{"line":4,"column":22},"end":{"line":23,"column":1}},"1":{"start":{"line":5,"column":4},"end":{"line":22,"column":7}}},"fnMap":{"0":{"name":"(anonymous_0)","decl":{"start":{"line":4,"column":22},"end":{"line":4,"column":23}},"loc":{"start":{"line":4,"column":28},"end":{"line":23,"column":1}},"line":4}},"branchMap":{},"s":{"0":2,"1":4},"f":{"0":4},"b":{},"_coverageSchema":"1a1c01bbd47fc00a2c39e90264f33305004495a9","hash":"16498d228347b279a252ebadea6b61615f7f2896"}
,"D:\\React\\React Programs\\react-ui-challenge-proj\\src\\components\\home-container\\HomeContainer.js": {"path":"D:\\React\\React Programs\\react-ui-challenge-proj\\src\\components\\home-container\\HomeContainer.js","statementMap":{"0":{"start":{"line":5,"column":29},"end":{"line":52,"column":1}},"1":{"start":{"line":8,"column":8},"end":{"line":28,"column":9}},"2":{"start":{"line":30,"column":4},"end":{"line":51,"column":8}},"3":{"start":{"line":45,"column":50},"end":{"line":45,"column":100}}},"fnMap":{"0":{"name":"(anonymous_0)","decl":{"start":{"line":5,"column":29},"end":{"line":5,"column":30}},"loc":{"start":{"line":5,"column":35},"end":{"line":52,"column":1}},"line":5},"1":{"name":"(anonymous_1)","decl":{"start":{"line":45,"column":33},"end":{"line":45,"column":34}},"loc":{"start":{"line":45,"column":50},"end":{"line":45,"column":100}},"line":45}},"branchMap":{},"s":{"0":2,"1":5,"2":5,"3":15},"f":{"0":5,"1":15},"b":{},"_coverageSchema":"1a1c01bbd47fc00a2c39e90264f33305004495a9","hash":"deb10b3b417eafbd67fa242099221c03f8da5077"}
,"D:\\React\\React Programs\\react-ui-challenge-proj\\src\\components\\home-container\\showcase\\ShowCase.js": {"path":"D:\\React\\React Programs\\react-ui-challenge-proj\\src\\components\\home-container\\showcase\\ShowCase.js","statementMap":{"0":{"start":{"line":5,"column":24},"end":{"line":15,"column":1}},"1":{"start":{"line":7,"column":4},"end":{"line":11,"column":5}},"2":{"start":{"line":8,"column":8},"end":{"line":8,"column":106}},"3":{"start":{"line":10,"column":8},"end":{"line":10,"column":106}},"4":{"start":{"line":12,"column":4},"end":{"line":14,"column":7}}},"fnMap":{"0":{"name":"(anonymous_0)","decl":{"start":{"line":5,"column":24},"end":{"line":5,"column":25}},"loc":{"start":{"line":5,"column":35},"end":{"line":15,"column":1}},"line":5}},"branchMap":{"0":{"loc":{"start":{"line":7,"column":4},"end":{"line":11,"column":5}},"type":"if","locations":[{"start":{"line":7,"column":4},"end":{"line":11,"column":5}},{"start":{"line":9,"column":11},"end":{"line":11,"column":5}}],"line":7}},"s":{"0":3,"1":17,"2":11,"3":6,"4":17},"f":{"0":17},"b":{"0":[11,6]},"_coverageSchema":"1a1c01bbd47fc00a2c39e90264f33305004495a9","hash":"f4dd355d2e26a13381f5ff36b66f05c191374499"}
,"D:\\React\\React Programs\\react-ui-challenge-proj\\src\\components\\home-container\\showcase1-container\\Showcase1Container.js": {"path":"D:\\React\\React Programs\\react-ui-challenge-proj\\src\\components\\home-container\\showcase1-container\\Showcase1Container.js","statementMap":{"0":{"start":{"line":4,"column":34},"end":{"line":21,"column":1}},"1":{"start":{"line":5,"column":2},"end":{"line":20,"column":5}}},"fnMap":{"0":{"name":"(anonymous_0)","decl":{"start":{"line":4,"column":34},"end":{"line":4,"column":35}},"loc":{"start":{"line":4,"column":45},"end":{"line":21,"column":1}},"line":4}},"branchMap":{},"s":{"0":4,"1":14},"f":{"0":14},"b":{},"_coverageSchema":"1a1c01bbd47fc00a2c39e90264f33305004495a9","hash":"03d74e0b9e66ccff982b9bed011cbb0a8bd905f1"}
,"D:\\React\\React Programs\\react-ui-challenge-proj\\src\\components\\home-container\\showcase2-container\\Showcase2Container.js": {"path":"D:\\React\\React Programs\\react-ui-challenge-proj\\src\\components\\home-container\\showcase2-container\\Showcase2Container.js","statementMap":{"0":{"start":{"line":4,"column":34},"end":{"line":24,"column":1}},"1":{"start":{"line":5,"column":4},"end":{"line":23,"column":7}}},"fnMap":{"0":{"name":"(anonymous_0)","decl":{"start":{"line":4,"column":34},"end":{"line":4,"column":35}},"loc":{"start":{"line":4,"column":45},"end":{"line":24,"column":1}},"line":4}},"branchMap":{"0":{"loc":{"start":{"line":15,"column":21},"end":{"line":16,"column":96}},"type":"binary-expr","locations":[{"start":{"line":15,"column":21},"end":{"line":15,"column":44}},{"start":{"line":16,"column":24},"end":{"line":16,"column":96}}],"line":15}},"s":{"0":4,"1":9},"f":{"0":9},"b":{"0":[9,9]},"_coverageSchema":"1a1c01bbd47fc00a2c39e90264f33305004495a9","hash":"1bb7d298088b23ca29f38680729981452c0800ab"}
,"D:\\React\\React Programs\\react-ui-challenge-proj\\src\\components\\top-menu\\TopMenu.js": {"path":"D:\\React\\React Programs\\react-ui-challenge-proj\\src\\components\\top-menu\\TopMenu.js","statementMap":{"0":{"start":{"line":6,"column":23},"end":{"line":70,"column":1}},"1":{"start":{"line":9,"column":8},"end":{"line":34,"column":9}},"2":{"start":{"line":37,"column":4},"end":{"line":68,"column":8}},"3":{"start":{"line":45,"column":54},"end":{"line":45,"column":102}},"4":{"start":{"line":62,"column":58},"end":{"line":62,"column":106}}},"fnMap":{"0":{"name":"(anonymous_0)","decl":{"start":{"line":6,"column":23},"end":{"line":6,"column":24}},"loc":{"start":{"line":6,"column":29},"end":{"line":70,"column":1}},"line":6},"1":{"name":"(anonymous_1)","decl":{"start":{"line":45,"column":37},"end":{"line":45,"column":38}},"loc":{"start":{"line":45,"column":54},"end":{"line":45,"column":102}},"line":45},"2":{"name":"(anonymous_2)","decl":{"start":{"line":62,"column":41},"end":{"line":62,"column":42}},"loc":{"start":{"line":62,"column":58},"end":{"line":62,"column":106}},"line":62}},"branchMap":{},"s":{"0":2,"1":5,"2":5,"3":30,"4":30},"f":{"0":5,"1":30,"2":30},"b":{},"_coverageSchema":"1a1c01bbd47fc00a2c39e90264f33305004495a9","hash":"b1e45600faf5a2baf6beeb420ad2e76b520fbb4e"}
,"D:\\React\\React Programs\\react-ui-challenge-proj\\src\\components\\top-menu\\navbar\\NavBar.js": {"path":"D:\\React\\React Programs\\react-ui-challenge-proj\\src\\components\\top-menu\\navbar\\NavBar.js","statementMap":{"0":{"start":{"line":3,"column":22},"end":{"line":13,"column":1}},"1":{"start":{"line":5,"column":4},"end":{"line":9,"column":5}},"2":{"start":{"line":6,"column":8},"end":{"line":6,"column":112}},"3":{"start":{"line":8,"column":8},"end":{"line":8,"column":121}},"4":{"start":{"line":10,"column":4},"end":{"line":12,"column":8}}},"fnMap":{"0":{"name":"(anonymous_0)","decl":{"start":{"line":3,"column":22},"end":{"line":3,"column":23}},"loc":{"start":{"line":3,"column":33},"end":{"line":13,"column":1}},"line":3}},"branchMap":{"0":{"loc":{"start":{"line":5,"column":4},"end":{"line":9,"column":5}},"type":"if","locations":[{"start":{"line":5,"column":4},"end":{"line":9,"column":5}},{"start":{"line":7,"column":11},"end":{"line":9,"column":5}}],"line":5}},"s":{"0":3,"1":62,"2":51,"3":11,"4":62},"f":{"0":62},"b":{"0":[51,11]},"_coverageSchema":"1a1c01bbd47fc00a2c39e90264f33305004495a9","hash":"564e1089ced6578a0c18d84d9694d776545ff4ec"}
}
